* 0.143391:*:cli:run!: doom sync -e
* 0.143631:*:cli:context-parse: found command (doom)
* 0.143966:*:cli:load: autoload /home/fosto/.emacs.d/lisp/cli/sync.el
* 0.144019:*:cli:load: ~/.emacs.d/lisp/cli/sync.el nil
* 0.144454:*:cli:load: ~/.emacs.d/lisp/cli/packages nil
* 0.152652:*:cli:context-parse: found command (doom sync)
* 0.152933:*:cli:context-parse: found switch "-e"
* 0.153219:*:cli:context-execute: doom sync
* 0.153555:*:cli:execute: (:before) ((input) (context . #s(doom-cli-context (25514 58016 258846 72000) 41130 1 (168 . 11) nil nil doom nil nil (doom sync) nil (sync -e) ((--jobs) (-j) (-p) (-u) (-c) (-e . -e) (--eval) (-E) (--strict-load) (--load) (-L) (--color) (--benchmark) (--profile) (--pager) (--emacsdir) (--doomdir) (--verbose) (-v) (--debug) (-D) (--force) (-!)) ((t) ((doom sync) -e) ((doom) sync -e))  *doom-cli stdin*  *doom-cli stdout*  *doom-cli stderr* nil)) (_) (evals) (loads) (color?) (bench?) (profile) (pager) (emacsdir) (doomdir) (verbose?) (debug?) (force?))
* 0.153617:*:cli:execute: (:before doom build) nil
* 0.153648:*:cli:Initializing straight
* 0.153682::context: +packages (cli t)
* 0.153708::context:module: =[0 -110 -110 :core nil nil nil]
* 0.203683:*:cli:Initializing recipes
* 0.208897:*:cli:Installing core packages
* 0.208957:*:cli:execute: (doom sync) ((jobs) (purge?) (update?) (noelc?) (noenvvar? . -e))
* 0.209173:*:cli:call: (doom sync) -> (doom profiles sync --reload)
* 0.209268:*:cli:context-parse: found command (doom)
* 0.209497:*:cli:load: autoload /home/fosto/.emacs.d/lisp/cli/profiles.el
* 0.209541:*:cli:load: ~/.emacs.d/lisp/cli/profiles.el nil
* 0.214365:*:cli:context-parse: found command (doom profiles)
* 0.214798:*:cli:context-parse: found command (doom profiles sync)
* 0.215116:*:cli:context-parse: found switch "--reload"
* 0.215438:*:cli:context-execute: doom profiles sync
* 0.215770:*:cli:execute: (:before) ((input) (context . #s(doom-cli-context (25514 58016 258846 72000) 41130 1 (168 . 11) nil nil doom nil nil (doom profiles sync) nil (sync -e) ((--reload . --reload) (--jobs) (-j) (-p) (-u) (-c) (-e . -e) (--eval) (-E) (--strict-load) (--load) (-L) (--color) (--benchmark) (--profile) (--pager) (--emacsdir) (--doomdir) (--verbose) (-v) (--debug) (-D) (--force) (-!)) ((t) ((doom profiles sync) --reload) ((doom profiles) sync --reload) ((doom) profiles sync --reload))  *doom-cli stdin*  *doom-cli stdout*  *doom-cli stderr* nil)) (_) (evals) (loads) (color?) (bench?) (profile) (pager) (emacsdir) (doomdir) (verbose?) (debug?) (force?))
* 0.215848:*:cli:execute: (doom profiles sync) ((reload? . --reload))
! No profile loader found. Generating one...
  > Regenerating it...
  > Synchronizing 1 known profile...
    - Added safe-mode
    ✓ Regenerated profile loader: ~/.emacs.d/profiles/load.el
> Synchronizing "default" profile...
  * 0.223850:*:cli:Initializing package.el
  * 0.256952:*:cli:Initializing straight.el
  * 0.257307::context: +packages (cli t)
  * 0.257347::context:module: =[1 105 -105 :user nil nil nil]
  * 0.257614::context:module: =[2 -111 -111 :config use-package nil nil]
  * 0.258098::context:module: =[0 -110 -110 :core nil nil nil]
  * 0.264714::context:module: =[1 105 -105 :user nil nil nil]
  * 0.264997::context:module: =[3 0 0 :completion company nil nil]
  * 0.265881::context:module: =[4 0 0 :completion vertico nil nil]
  * 0.268948::context:module: =[5 0 0 :ui doom nil nil]
  * 0.269729::context:module: =[6 0 0 :ui doom-dashboard nil nil]
  * 0.269789::context:module: =[7 0 0 :ui hl-todo nil nil]
  * 0.270252::context:module: =[8 0 0 :ui modeline nil nil]
  * 0.271480::context:module: =[9 0 0 :ui neotree nil nil]
  * 0.272027::context:module: =[10 0 0 :ui ophints nil nil]
  * 0.272666::context:module: =[11 0 0 :ui popup (+defaults) nil]
  * 0.272722::context:module: =[12 0 0 :ui vc-gutter (+pretty) nil]
  * 0.273343::context:module: =[13 0 0 :ui vi-tilde-fringe nil nil]
  * 0.273816::context:module: =[14 0 0 :ui workspaces nil nil]
  * 0.274288::context:module: =[15 0 0 :editor evil (+everywhere) nil]
  * 0.279152::context:module: =[16 0 0 :editor file-templates nil nil]
  * 0.279643::context:module: =[17 0 0 :editor fold nil nil]
  * 0.280902::context:module: =[18 0 0 :editor snippets nil nil]
  * 0.281903::context:module: =[19 0 0 :emacs dired nil nil]
  * 0.283715::context:module: =[20 0 0 :emacs electric nil nil]
  * 0.283785::context:module: =[21 0 0 :emacs undo nil nil]
  * 0.284687::context:module: =[22 0 0 :emacs vc nil nil]
  * 0.286678::context:module: =[23 0 0 :term eshell nil nil]
  * 0.288909::context:module: =[24 0 0 :checkers syntax nil nil]
  * 0.289854::context:module: =[25 0 0 :tools docker nil nil]
  * 0.290904::context:module: =[26 0 0 :tools eval (+overlay) nil]
  * 0.291624::context:module: =[27 0 0 :tools gist nil nil]
  * 0.292194::context:module: =[28 0 0 :tools lookup nil nil]
  * 0.294708::context:module: =[29 0 0 :tools lsp nil nil]
  * 0.296405::context:module: =[30 0 0 :tools magit nil nil]
  * 0.297908::context:module: =[31 0 0 :tools tree-sitter nil nil]
  * 0.298973::context:module: =[32 0 0 :os tty nil nil]
  * 0.299913::context:module: =[33 0 0 :lang emacs-lisp nil nil]
  * 0.302377::context:module: =[34 0 0 :lang graphql (+lsp) nil]
  * 0.303426::context:module: =[35 0 0 :lang json nil nil]
  * 0.304361::context:module: =[36 0 0 :lang javascript (+lsp) nil]
  * 0.306631::context:module: =[37 0 0 :lang markdown nil nil]
  * 0.308137::context:module: =[38 0 0 :lang org nil nil]
  * 0.317498::context:module: =[39 0 0 :lang python (+lsp +pyright) nil]
  * 0.321257::context:module: =[40 0 0 :lang sh nil nil]
  * 0.322105::context:module: =[41 0 0 :lang web (+lsp) nil]
  * 0.325678::context:module: =[42 0 0 :config default (+bindings +smartparens) nil]
  * 0.326902::context:module: =[1 105 -105 :user nil nil nil]
  > Installing packages...
    > Updating recipe repos...
      > Updating recipes for melpa...
      > Updating recipes for nongnu-elpa...
      > Updating recipes for gnu-elpa-mirror...
      > Updating recipes for el-get...
      > Updating recipes for emacsmirror-mirror...
    > Cloning emacs-neotree...
    > Building neotree...
      INFO     Scraping files for neotree-autoloads.el... 
      INFO     Scraping files for neotree-autoloads.el...done
    > Cloning ts-fold...
    - Checked out ts-fold: 01d6485398a553a4fc4bbb3910edeb881c657f1f
    > Building ts-fold...
    > Building ts-fold > Cloning elisp-tree-sitter (for tree-sitter)...
    > Building ts-fold > Building tree-sitter...
    > Building ts-fold > Building tree-sitter > Building tsc...
      INFO     Scraping files for tsc-autoloads.el... 
      INFO     Scraping files for tsc-autoloads.el...done
    > Building ts-fold > Building tree-sitter...
      INFO     Scraping files for tree-sitter-autoloads.el... 
      INFO     Scraping files for tree-sitter-autoloads.el...done
    > Building ts-fold...
      INFO     Scraping files for ts-fold-autoloads.el... 
      INFO     Scraping files for ts-fold-autoloads.el...done
    > Cloning eshell-up...
    - Checked out eshell-up: ff84e6069b98f2ed00857a0f78bff19d96e4955c
    > Building eshell-up...
      INFO     Scraping files for eshell-up-autoloads.el... 
      INFO     Scraping files for eshell-up-autoloads.el...done
    > Cloning eshell-z...
    - Checked out eshell-z: 337cb241e17bd472bd3677ff166a0800f684213c
    > Building eshell-z...
      INFO     Scraping files for eshell-z-autoloads.el... 
      INFO     Scraping files for eshell-z-autoloads.el...done
    > Cloning esh-help...
    - Checked out esh-help: 417673ed18a983930a66a6692dbfb288a995cb80
    > Building esh-help...
      INFO     Scraping files for esh-help-autoloads.el... 
      INFO     Scraping files for esh-help-autoloads.el...done
    > Cloning eshell-did-you-mean...
    - Checked out eshell-did-you-mean: 80cd8c4b186a2fb29621cf634bcf2bcd914f1e3d
    > Building eshell-did-you-mean...
      INFO     Scraping files for eshell-did-you-mean-autoloads.el... 
      INFO     Scraping files for eshell-did-you-mean-autoloads.el...done
    > Cloning eshell-syntax-highlighting...
    - Checked out eshell-syntax-highlighting: 8e3a685fc6d97af79e1046e5b24385786d8e92f6
    > Building eshell-syntax-highlighting...
      INFO     Scraping files for eshell-syntax-highlighting-autoloads.el... 
      INFO     Scraping files for eshell-syntax-highlighting-autoloads.el...done
    > Cloning emacs-fish-completion...
    > Building fish-completion...
      INFO     Scraping files for fish-completion-autoloads.el... 
      INFO     Scraping files for fish-completion-autoloads.el...done
    > Cloning emacs-bash-completion...
    > Building bash-completion...
      INFO     Scraping files for bash-completion-autoloads.el... 
      INFO     Scraping files for bash-completion-autoloads.el...done
    > Cloning docker.el...
    > Building docker...
    > Building docker > Cloning emacs-aio...
    > Building docker > Building aio...
      INFO     Scraping files for aio-autoloads.el... 
      INFO     Scraping files for aio-autoloads.el...done
    > Building docker > Cloning docker-tramp.el...
    > Building docker > Building docker-tramp...
      INFO     Scraping files for docker-tramp-autoloads.el... 
      INFO     Scraping files for docker-tramp-autoloads.el...done
    > Building docker > Cloning json-mode...
    - Checked out json-mode: eedb4560034f795a7950fa07016bd4347c368873
    > Building docker > Building json-mode...
    > Building docker > Building json-mode > Cloning json-snatcher...
    - Checked out json-snatcher: b28d1c0670636da6db508d03872d96ffddbc10f2
    > Building docker > Building json-mode > Building json-snatcher...
      INFO     Scraping files for json-snatcher-autoloads.el... 
      INFO     Scraping files for json-snatcher-autoloads.el...done
    > Building docker > Building json-mode...
      INFO     Scraping files for json-mode-autoloads.el... 
      INFO     Scraping files for json-mode-autoloads.el...done
    > Building docker > Cloning tablist...
    > Building docker > Building tablist...
      INFO     Scraping files for tablist-autoloads.el... 
    tablist: Warning: Use keywords rather than deprecated positional arguments to `define-minor-mode'
      INFO     Scraping files for tablist-autoloads.el...done
    > Building docker...
      INFO     Scraping files for docker-autoloads.el... 
      INFO     Scraping files for docker-autoloads.el...done
    > Cloning dockerfile-mode...
    - Checked out dockerfile-mode: b63a3d12b7dea0cb9efc7f78d7ad5672ceab2a3f
    > Building dockerfile-mode...
      INFO     Scraping files for dockerfile-mode-autoloads.el... 
      INFO     Scraping files for dockerfile-mode-autoloads.el...done
    > Cloning gist.el...
    > Building gist...
    > Building gist > Cloning gh.el...
    > Building gist > Building gh...
    > Building gist > Building gh > Cloning pcache...
    > Building gist > Building gh > Building pcache...
      INFO     Scraping files for pcache-autoloads.el... 
      INFO     Scraping files for pcache-autoloads.el...done
    > Building gist > Building gh > Cloning logito...
    > Building gist > Building gh > Building logito...
      INFO     Scraping files for logito-autoloads.el... 
      INFO     Scraping files for logito-autoloads.el...done
    > Building gist > Building gh > Cloning marshal.el...
    > Building gist > Building gh > Building marshal...
    > Building gist > Building gh > Building marshal > Cloning ht.el...
    > Building gist > Building gh > Building marshal > Building ht...
      INFO     Scraping files for ht-autoloads.el... 
      INFO     Scraping files for ht-autoloads.el...done
    > Building gist > Building gh > Building marshal...
      INFO     Scraping files for marshal-autoloads.el... 
      INFO     Scraping files for marshal-autoloads.el...done
    > Building gist > Building gh...
      INFO     Scraping files for gh-autoloads.el... 
      INFO     Scraping files for gh-autoloads.el...done
    > Building gist...
      INFO     Scraping files for gist-autoloads.el... 
      INFO     Scraping files for gist-autoloads.el...done
    > Cloning lsp-mode...
    - Checked out lsp-mode: a3b3c15359405f442fc51a2db09e503ca3b39f3d
    > Building lsp-mode...
    > Building lsp-mode > Cloning spinner...
    > Building lsp-mode > Building spinner...
      INFO     Scraping files for spinner-autoloads.el... 
      INFO     Scraping files for spinner-autoloads.el...done
    > Building lsp-mode > Cloning hydra (for lv)...
    > Building lsp-mode > Building lv...
      INFO     Scraping files for lv-autoloads.el... 
      INFO     Scraping files for lv-autoloads.el...done
    > Building lsp-mode...
      INFO     Scraping files for lsp-mode-autoloads.el... 
      INFO     Scraping files for lsp-mode-autoloads.el...done
    > Cloning lsp-ui...
    - Checked out lsp-ui: 3cd7cc61273341023b863dcf45906ac9142fd1aa
    > Building lsp-ui...
      INFO     Scraping files for lsp-ui-autoloads.el... 
      INFO     Scraping files for lsp-ui-autoloads.el...done
    > Cloning consult-lsp...
    - Checked out consult-lsp: 58b541476203fa68e9e7682531f2a10e11780857
    > Building consult-lsp...
      INFO     Scraping files for consult-lsp-autoloads.el... 
      INFO     Scraping files for consult-lsp-autoloads.el...done
    > Cloning tree-sitter-langs...
    - Checked out tree-sitter-langs: deb2d8674be8f777ace50e15c7c041aeddb1d0b2
    > Building tree-sitter-langs...
      INFO     Scraping files for tree-sitter-langs-autoloads.el... 
      INFO     Scraping files for tree-sitter-langs-autoloads.el...done
    > Cloning evil-textobj-tree-sitter...
    - Checked out evil-textobj-tree-sitter: 9dce8dab68c954ae32095328cf898eb856fc341a
    > Building evil-textobj-tree-sitter...
      INFO     Scraping files for evil-textobj-tree-sitter-autoloads.el... 
      INFO     Scraping files for evil-textobj-tree-sitter-autoloads.el...done
    > Cloning xclip...
    - Checked out xclip: 4772beb5579e13910c89c482a2e41271253c646b
    > Building xclip...
      INFO     Scraping files for xclip-autoloads.el... 
      INFO     Scraping files for xclip-autoloads.el...done
    > Cloning evil-terminal-cursor-changer...
    - Checked out evil-terminal-cursor-changer: 12ea9c0438c67e560b3866dc78b5c7d1d93f8cc5
    > Building evil-terminal-cursor-changer...
      INFO     Scraping files for evil-terminal-cursor-changer-autoloads.el... 
      INFO     Scraping files for evil-terminal-cursor-changer-autoloads.el...done
    > Cloning graphql-mode...
    - Checked out graphql-mode: 9740e4027bd9313697d5cac5caaa5b15626ab1da
    > Building graphql-mode...
      INFO     Scraping files for graphql-mode-autoloads.el... 
      INFO     Scraping files for graphql-mode-autoloads.el...done
    > Cloning graphql-doc.el...
    > Building graphql-doc...
    > Building graphql-doc > Cloning emacs-promise...
    > Building graphql-doc > Building promise...
      INFO     Scraping files for promise-autoloads.el... 
      INFO     Scraping files for promise-autoloads.el...done
    > Building graphql-doc...
      INFO     Scraping files for graphql-doc-autoloads.el... 
      INFO     Scraping files for graphql-doc-autoloads.el...done
    > Cloning rjsx-mode...
    - Checked out rjsx-mode: b697fe4d92cc84fa99a7bcb476f815935ea0d919
    > Building rjsx-mode...
    > Building rjsx-mode > Cloning js2-mode...
    > Building rjsx-mode > Building js2-mode...
      INFO     Scraping files for js2-mode-autoloads.el... 
      INFO     Scraping files for js2-mode-autoloads.el...done
    > Building rjsx-mode...
      INFO     Scraping files for rjsx-mode-autoloads.el... 
      INFO     Scraping files for rjsx-mode-autoloads.el...done
    > Cloning typescript.el (for typescript-mode)...
    > Building typescript-mode...
      INFO     Scraping files for typescript-mode-autoloads.el... 
      INFO     Scraping files for typescript-mode-autoloads.el...done
    > Cloning js2-refactor.el...
    > Building js2-refactor...
    > Building js2-refactor > Cloning multiple-cursors.el...
    > Building js2-refactor > Building multiple-cursors...
      INFO     Scraping files for multiple-cursors-autoloads.el... 
      INFO     Scraping files for multiple-cursors-autoloads.el...done
    > Building js2-refactor...
      INFO     Scraping files for js2-refactor-autoloads.el... 
      INFO     Scraping files for js2-refactor-autoloads.el...done
    > Cloning npm-mode...
    - Checked out npm-mode: 3ee7c0bad5b7a041d4739ef3aaa06a3dc764e5eb
    > Building npm-mode...
      INFO     Scraping files for npm-mode-autoloads.el... 
    npm-mode: Warning: Use keywords rather than deprecated positional arguments to `define-minor-mode'
      INFO     Scraping files for npm-mode-autoloads.el...done
    > Cloning nodejs-repl.el...
    > Building nodejs-repl...
      INFO     Scraping files for nodejs-repl-autoloads.el... 
      INFO     Scraping files for nodejs-repl-autoloads.el...done
    > Cloning skewer-mode...
    - Checked out skewer-mode: e5bed351939c92a1f788f78398583c2f83f1bb3c
    > Building skewer-mode...
    > Building skewer-mode > Cloning emacs-web-server (for simple-httpd)...
    > Building skewer-mode > Building simple-httpd...
      INFO     Scraping files for simple-httpd-autoloads.el... 
      INFO     Scraping files for simple-httpd-autoloads.el...done
    > Building skewer-mode...
      INFO     Scraping files for skewer-mode-autoloads.el... 
      INFO     Scraping files for skewer-mode-autoloads.el...done
    > Cloning tide...
    - Checked out tide: b93e555858edc331ba33d1d8bd4582d578c7ca31
    > Building tide...
      INFO     Scraping files for tide-autoloads.el... 
      INFO     Scraping files for tide-autoloads.el...done
    > Cloning xref-js2...
    - Checked out xref-js2: fd6b723e7f1f9793d189a815e1904364dc026b03
    > Building xref-js2...
      INFO     Scraping files for xref-js2-autoloads.el... 
      INFO     Scraping files for xref-js2-autoloads.el...done
    > Cloning ob-graphql...
    - Checked out ob-graphql: 7c35419f9eec5dc44967cbcfa13c7135b9a96bfc
    > Building ob-graphql...
      INFO     Scraping files for ob-graphql-autoloads.el... 
      INFO     Scraping files for ob-graphql-autoloads.el...done
    > Cloning pip-requirements.el...
    > Building pip-requirements...
      INFO     Scraping files for pip-requirements-autoloads.el... 
      INFO     Scraping files for pip-requirements-autoloads.el...done
    > Cloning lsp-pyright...
    - Checked out lsp-pyright: 2fa2c897659909ba9804baba72a108578d007677
    > Building lsp-pyright...
      INFO     Scraping files for lsp-pyright-autoloads.el... 
      INFO     Scraping files for lsp-pyright-autoloads.el...done
    > Cloning anaconda-mode...
    - Checked out anaconda-mode: ca8edbaa7662d97e4a4416ec9a8d743863303911
    > Building anaconda-mode...
    > Building anaconda-mode > Cloning pythonic...
    > Building anaconda-mode > Building pythonic...
      INFO     Scraping files for pythonic-autoloads.el... 
      INFO     Scraping files for pythonic-autoloads.el...done
    > Building anaconda-mode...
      INFO     Scraping files for anaconda-mode-autoloads.el... 
      INFO     Scraping files for anaconda-mode-autoloads.el...done
    > Cloning company-anaconda...
    - Checked out company-anaconda: da1566db41a68809ef7f91ebf2de28118067c89b
    > Building company-anaconda...
      INFO     Scraping files for company-anaconda-autoloads.el... 
      INFO     Scraping files for company-anaconda-autoloads.el...done
    > Cloning pipenv.el...
    > Building pipenv...
    > Building pipenv > Cloning pyvenv...
    - Checked out pyvenv: 31ea715f2164dd611e7fc77b26390ef3ca93509b
    > Building pipenv > Building pyvenv...
      INFO     Scraping files for pyvenv-autoloads.el... 
      INFO     Scraping files for pyvenv-autoloads.el...done
    > Building pipenv > Cloning emacs-load-env-vars...
    > Building pipenv > Building load-env-vars...
      INFO     Scraping files for load-env-vars-autoloads.el... 
      INFO     Scraping files for load-env-vars-autoloads.el...done
    > Building pipenv...
      INFO     Scraping files for pipenv-autoloads.el... 
      INFO     Scraping files for pipenv-autoloads.el...done
    > Cloning nose...
    - Checked out nose: f8528297519eba911696c4e68fa88892de9a7b72
    > Building nose...
      INFO     Scraping files for nose-autoloads.el... 
      INFO     Scraping files for nose-autoloads.el...done
    > Cloning emacs-python-pytest...
    > Building python-pytest...
      INFO     Scraping files for python-pytest-autoloads.el... 
      INFO     Scraping files for python-pytest-autoloads.el...done
    > Cloning pyimport...
    - Checked out pyimport: c006a5fd0e5c9e297aa2ad71b2f02f463286b5e3
    > Building pyimport...
    > Building pyimport > Cloning shut-up...
    > Building pyimport > Building shut-up...
      INFO     Scraping files for shut-up-autoloads.el... 
      INFO     Scraping files for shut-up-autoloads.el...done
    > Building pyimport...
      INFO     Scraping files for pyimport-autoloads.el... 
      INFO     Scraping files for pyimport-autoloads.el...done
    > Cloning py-isort.el...
    > Building py-isort...
      INFO     Scraping files for py-isort-autoloads.el... 
      INFO     Scraping files for py-isort-autoloads.el...done
    > Cloning emmet-mode...
    - Checked out emmet-mode: 6b2e554f7fd27f732810f4b14ea01e3c54b7b3da
    > Building emmet-mode...
      INFO     Scraping files for emmet-mode-autoloads.el... 
      INFO     Scraping files for emmet-mode-autoloads.el...done
    > Cloning haml-mode...
    - Checked out haml-mode: bf5b6c11b1206759d2b28af48765e04882dd1fc4
    > Building haml-mode...
      INFO     Scraping files for haml-mode-autoloads.el... 
      INFO     Scraping files for haml-mode-autoloads.el...done
    > Cloning emacs-pug-mode...
    > Building pug-mode...
      INFO     Scraping files for pug-mode-autoloads.el... 
      INFO     Scraping files for pug-mode-autoloads.el...done
    > Cloning emacs-slim (for slim-mode)...
    > Building slim-mode...
      INFO     Scraping files for slim-mode-autoloads.el... 
      INFO     Scraping files for slim-mode-autoloads.el...done
    > Cloning web-mode...
    - Checked out web-mode: efa853e5cfff8e0bcacbda9d1c6696b33da91b03
    > Building web-mode...
      INFO     Scraping files for web-mode-autoloads.el... 
      INFO     Scraping files for web-mode-autoloads.el...done
    > Cloning company-web...
    - Checked out company-web: 863fb84b81ed283474e50330cd8d27b1ca0d74f1
    > Building company-web...
    > Building company-web > Cloning web-completion-data...
    > Building company-web > Building web-completion-data...
      INFO     Scraping files for web-completion-data-autoloads.el... 
      INFO     Scraping files for web-completion-data-autoloads.el...done
    > Building company-web...
      INFO     Scraping files for company-web-autoloads.el... 
      INFO     Scraping files for company-web-autoloads.el...done
    > Cloning sass-mode...
    - Checked out sass-mode: 247a0d4b509f10b28e4687cd8763492bca03599b
    > Building sass-mode...
      INFO     Scraping files for sass-mode-autoloads.el... 
      INFO     Scraping files for sass-mode-autoloads.el...done
    > Cloning jade-mode (for stylus-mode)...
    > Building stylus-mode...
      INFO     Scraping files for stylus-mode-autoloads.el... 
      INFO     Scraping files for stylus-mode-autoloads.el...done
    > Building sws-mode...
      INFO     Scraping files for sws-mode-autoloads.el... 
      INFO     Scraping files for sws-mode-autoloads.el...done
    > Cloning rainbow-mode...
    - Checked out rainbow-mode: 949166cc0146bc9fabf74ce70c1c4a097f4cffd4
    > Building rainbow-mode...
      INFO     Scraping files for rainbow-mode-autoloads.el... 
      INFO     Scraping files for rainbow-mode-autoloads.el...done
    ✓ Installed 72 packages
  > (Re)building packages...
    - No packages need rebuilding
  > Purging orphaned packages (for the emperor)...
    - Skipping builds
    - Skipping elpa packages
    - Skipping repos
    - Skipping regrafting
    - Skipping native bytecode
  > (Re)building profile in /home/fosto/.emacs.d/.local/etc/@/...
    > Deleting old init files...
    > Generating 4 init files...
    > Byte-compiling ~/.emacs.d/.local/etc/@init.28.el...
    ✓ Built init.28.elc
  - Restart Emacs or use 'M-x doom/reload' for changes to take effect
* 265.020632:*:cli:Finished (GCs: 2, elapsed: 0.944257s)
* 265.020632:*:cli:Finished (GCs: 2, elapsed: 0.944257s)
✓ Finished in 4m 25s
